{
  "RSpec": {
    "coverage": {
      "/Users/wertermeira/trabalhos/testes/amplemarket/app/models/template.rb": {
        "lines": [
          1,
          1,
          1,
          1,
          null
        ]
      },
      "/Users/wertermeira/trabalhos/testes/amplemarket/app/models/application_record.rb": {
        "lines": [
          1,
          1,
          1,
          null
        ]
      },
      "/Users/wertermeira/trabalhos/testes/amplemarket/app/controllers/templates_controller.rb": {
        "lines": [
          1,
          1,
          null,
          1,
          1,
          1,
          null,
          null,
          1,
          1,
          null,
          null,
          1,
          2,
          2,
          1,
          null,
          1,
          null,
          null,
          null,
          1,
          2,
          1,
          null,
          1,
          null,
          null,
          null,
          1,
          1,
          1,
          null,
          null,
          1,
          null,
          1,
          7,
          null,
          null,
          1,
          4,
          null,
          null
        ]
      },
      "/Users/wertermeira/trabalhos/testes/amplemarket/app/controllers/application_controller.rb": {
        "lines": [
          1,
          1,
          3,
          null,
          null
        ]
      },
      "/Users/wertermeira/trabalhos/testes/amplemarket/app/serializers/template_serializer.rb": {
        "lines": [
          1,
          1,
          null
        ]
      }
    },
    "timestamp": 1640290965
  }
}
